\BOOKMARK [1][-]{section.6}{\376\377\167\351\226\065\166\204\166\370\142\265\116\016\166\370\117\074}{}% 1
\BOOKMARK [2][-]{subsection.6.1}{\376\377\127\372\147\054\151\202\137\365\143\320\211\201}{section.6}% 2
\BOOKMARK [2][-]{subsection.6.2}{\376\377\166\370\117\074\116\015\123\330\221\317}{section.6}% 3
\BOOKMARK [2][-]{subsection.6.3}{\376\377\167\351\226\065\123\357\133\371\211\322\123\026\166\204\116\000\202\054\147\141\116\366}{section.6}% 4
\BOOKMARK [2][-]{subsection.6.4}{\376\377\133\236\133\371\171\360\167\351\226\065\166\204\140\047\215\050}{section.6}% 5
\BOOKMARK [2][-]{subsection.6.5}{\376\377\116\140\230\230}{section.6}% 6
\BOOKMARK [3][-]{subsubsection.6.5.1}{\376\377\166\370\142\265\150\007\121\306\127\213\166\204\213\241\173\227}{subsection.6.5}% 7
\BOOKMARK [3][-]{subsubsection.6.5.2}{\376\377\166\370\142\265\150\007\121\306\127\213\166\204\136\224\165\050}{subsection.6.5}% 8
\BOOKMARK [3][-]{subsubsection.6.5.3}{\376\377\166\370\117\074\133\371\211\322\123\026\166\204\213\241\173\227}{subsection.6.5}% 9
\BOOKMARK [3][-]{subsubsection.6.5.4}{\376\377\133\371\211\322\123\026\166\370\121\163\213\301\146\016}{subsection.6.5}% 10
\BOOKMARK [3][-]{subsubsection.6.5.5}{\376\377\000*\166\370\117\074\133\371\211\322\123\026\166\204\136\224\165\050}{subsection.6.5}% 11
\BOOKMARK [1][-]{section.7}{\376\377\116\214\153\041\127\213}{}% 12
\BOOKMARK [2][-]{subsection.7.1}{\376\377\116\316\116\343\145\160\122\060\121\340\117\125}{section.7}% 13
\BOOKMARK [3][-]{subsubsection.7.1.1}{\376\377\133\236\121\205\171\357\172\172\225\364\151\202\217\360}{subsection.7.1}% 14
\BOOKMARK [3][-]{subsubsection.7.1.2}{\376\377\121\205\171\357\166\204\210\150\171\072\040\024\040\024\153\143\133\232\133\236\133\371\171\360\167\351\226\065}{subsection.7.1}% 15
\BOOKMARK [3][-]{subsubsection.7.1.3}{\376\377\136\177\116\111\121\205\171\357\166\204\137\025\121\145\116\016\210\150\171\072\040\024\040\024\133\236\133\371\171\360\167\351\226\065}{subsection.7.1}% 16
\BOOKMARK [3][-]{subsubsection.7.1.4}{\376\377\000*\201\352\117\064\173\227\133\120}{subsection.7.1}% 17
\BOOKMARK [3][-]{subsubsection.7.1.5}{\376\377\167\351\226\065\166\204\124\010\124\014}{subsection.7.1}% 18
\BOOKMARK [3][-]{subsubsection.7.1.6}{\376\377\117\335\136\246\211\304\123\330\143\142\116\016\153\143\116\244\167\351\226\065}{subsection.7.1}% 19
\BOOKMARK [2][-]{subsection.7.2}{\376\377\167\351\226\065\124\010\124\014\166\204\217\333\116\000\153\145\213\250\213\272}{section.7}% 20
\BOOKMARK [3][-]{subsubsection.7.2.1}{\376\377\124\010\124\014\150\007\121\306\127\213\124\214\211\304\203\003\127\213}{subsection.7.2}% 21
\BOOKMARK [3][-]{subsubsection.7.2.2}{\376\377\211\304\203\003\127\213\166\204\217\333\116\000\153\145\213\250\213\272}{subsection.7.2}% 22
\BOOKMARK [2][-]{subsection.7.3}{\376\377\000*\131\015\121\205\171\357\172\172\225\364}{section.7}% 23
\BOOKMARK [3][-]{subsubsection.7.3.1}{\376\377\131\015\121\205\171\357\166\204\133\232\116\111\123\312\121\166\167\351\226\065\210\150\171\072}{subsection.7.3}% 24
\BOOKMARK [3][-]{subsubsection.7.3.2}{\376\377\201\352\117\064\167\351\226\065\123\312\121\166\140\047\215\050}{subsection.7.3}% 25
\BOOKMARK [2][-]{subsection.7.4}{\376\377\116\140\230\230}{section.7}% 26
\BOOKMARK [3][-]{subsubsection.7.4.1}{\376\377\124\010\124\014\150\007\121\306\127\213\124\214\211\304\203\003\127\213}{subsection.7.4}% 27
\BOOKMARK [3][-]{subsubsection.7.4.2}{\376\377\153\143\133\232\116\214\153\041\127\213}{subsection.7.4}% 28
\BOOKMARK [3][-]{subsubsection.7.4.3}{\376\377\145\160\133\146\137\122\176\263\154\325}{subsection.7.4}% 29
\BOOKMARK [3][-]{subsubsection.7.4.4}{\376\377\000*\116\214\153\041\127\213\166\204\136\224\165\050}{subsection.7.4}% 30
